This file contains any messages produced by compilers while
running configure, to aid debugging if configure makes a mistake.

It was created by configure, which was
generated by GNU Autoconf 2.59.  Invocation command line was

  $ ./configure --prefix=/usr/local --cache-file=/dev/null --srcdir=.

## --------- ##
## Platform. ##
## --------- ##

hostname = NSUOS
uname -m = x86_64
uname -r = 6.5.0-21-generic
uname -s = Linux
uname -v = #21~22.04.1-Ubuntu SMP PREEMPT_DYNAMIC Fri Feb  9 13:32:52 UTC 2

/usr/bin/uname -p = x86_64
/bin/uname -X     = unknown

/bin/arch              = x86_64
/usr/bin/arch -k       = unknown
/usr/convex/getsysinfo = unknown
hostinfo               = unknown
/bin/machine           = unknown
/usr/bin/oslevel       = unknown
/bin/universe          = unknown

PATH: /usr/local/sbin
PATH: /usr/local/bin
PATH: /usr/sbin
PATH: /usr/bin
PATH: /sbin
PATH: /bin
PATH: /usr/games
PATH: /usr/local/games
PATH: /snap/bin
PATH: /snap/bin


## ----------- ##
## Core tests. ##
## ----------- ##

configure:1316: checking for current directory name
configure:1360: result: /home/yuliayureva/Desktop/OPP/lab1/slog2sdk-1.2.6/src
configure:1440: checking gnumake
configure:1455: result: yes using --no-print-directory
configure:1469: checking BSD 4.4 make
configure:1489: result: no - whew
configure:1495: checking OSF V3 make
configure:1514: result: no
configure:1521: checking for virtual path format
configure:1536: result: VPATH
configure:1821: checking build system type
configure:1839: result: x86_64-unknown-linux-gnu
configure:1847: checking host system type
configure:1861: result: x86_64-unknown-linux-gnu
configure:1871: checking for javac in user's PATH
configure:1881: result: found /usr/bin/javac
configure:1884: checking if /usr/bin/javac works
configure:1905: /usr/bin/javac  conftest.java 1>&5
configure:1908: $? = 0
configure:1916: result: yes
configure:1918: checking if /usr/bin/javac accepts -classpath, -d & -sourcepath
configure:1938: /usr/bin/javac -classpath . -d . -sourcepath . conftest.java 1>&5
configure:1941: $? = 0
configure:1950: result: yes
configure:1952: checking if /usr/bin/javac understands List & Map
configure:1976: /usr/bin/javac -classpath . -d . -sourcepath . conftest.java 1>&5
configure:1979: $? = 0
configure:1988: result: yes
configure:1990: checking if /usr/bin/javac handles static-inner-class reference
configure:2015: /usr/bin/javac -classpath . -d . -sourcepath . conftest.java 1>&5
configure:2018: $? = 0
configure:2027: result: yes
configure:2029: checking if /usr/bin/javac compiles Swing-1.1.1 code
configure:2052: /usr/bin/javac  conftest.java 1>&5
configure:2055: $? = 0
configure:2070: result: yes
configure:2450: checking for Java version
configure:2467: result: openjdk full version "1.8.0_392-8u392-ga-1~22.04-b08", i.e. Java 2 SDK
configure:2496: checking if /usr/bin/javah exists
configure:2499: result: yes
configure:2496: checking if /usr/bin/rmic exists
configure:2499: result: yes
configure:2496: checking if /usr/bin/jar exists
configure:2499: result: yes
configure:2530: checking for cygpath
configure:2549: result: no
configure:2699: creating ./config.status

## ---------------------- ##
## Running config.status. ##
## ---------------------- ##

This file was extended by config.status, which was
generated by GNU Autoconf 2.59.  Invocation command line was

  CONFIG_FILES    = 
  CONFIG_HEADERS  = 
  CONFIG_LINKS    = 
  CONFIG_COMMANDS = 
  $ ./config.status 

on NSUOS

config.status:686: creating Makefile
config.status:686: creating base/io/Makefile
config.status:686: creating base/drawable/Makefile
config.status:686: creating base/statistics/Makefile
config.status:686: creating base/topology/Makefile
config.status:686: creating logformat/clog/Makefile
config.status:686: creating logformat/clogTOdrawable/Makefile
config.status:686: creating logformat/clog2/Makefile
config.status:686: creating logformat/clog2TOdrawable/Makefile
config.status:686: creating logformat/trace/Makefile
config.status:686: creating logformat/slog2/Makefile
config.status:686: creating logformat/slog2/output/Makefile
config.status:686: creating logformat/slog2/input/Makefile
config.status:686: creating logformat/slog2/pipe/Makefile
config.status:686: creating logformat/slog2/update/Makefile
config.status:686: creating viewer/common/Makefile
config.status:686: creating viewer/convertor/Makefile
config.status:686: creating viewer/legends/Makefile
config.status:686: creating viewer/zoomable/Makefile
config.status:686: creating viewer/histogram/Makefile
config.status:686: creating viewer/timelines/Makefile
config.status:686: creating viewer/first/Makefile
config.status:686: creating viewer/launcher/Makefile

## ---------------- ##
## Cache variables. ##
## ---------------- ##

ac_cv_build=x86_64-unknown-linux-gnu
ac_cv_build_alias=x86_64-unknown-linux-gnu
ac_cv_env_build_alias_set=
ac_cv_env_build_alias_value=
ac_cv_env_host_alias_set=
ac_cv_env_host_alias_value=
ac_cv_env_target_alias_set=
ac_cv_env_target_alias_value=
ac_cv_host=x86_64-unknown-linux-gnu
ac_cv_host_alias=x86_64-unknown-linux-gnu

## ----------------- ##
## Output variables. ##
## ----------------- ##

DEFS='-DPACKAGE_NAME=\"\" -DPACKAGE_TARNAME=\"\" -DPACKAGE_VERSION=\"\" -DPACKAGE_STRING=\"\" -DPACKAGE_BUGREPORT=\"\" '
ECHO_C=''
ECHO_N='-n'
ECHO_T=''
JAR='/usr/bin/jar'
JC='/usr/bin/javac'
JFLAGS=''
JH='/usr/bin/javah'
JPATH_FINAL=''
JPATH_START=''
LIBOBJS=''
LIBS=''
LTLIBOBJS=''
MAKE='make --no-print-directory'
PACKAGE_BUGREPORT=''
PACKAGE_NAME=''
PACKAGE_STRING=''
PACKAGE_TARNAME=''
PACKAGE_VERSION=''
PATH_SEPARATOR=':'
RM='rm -f'
RMIC='/usr/bin/rmic'
SHELL='/bin/bash'
VPATH='VPATH=.:$(srcdir)'
bindir='${exec_prefix}/bin'
build='x86_64-unknown-linux-gnu'
build_alias=''
build_cpu='x86_64'
build_os='linux-gnu'
build_vendor='unknown'
datadir='${prefix}/share'
exec_prefix='${prefix}'
host='x86_64-unknown-linux-gnu'
host_alias=''
host_cpu='x86_64'
host_os='linux-gnu'
host_vendor='unknown'
includedir='${prefix}/include'
infodir='${prefix}/info'
libbuild_dir='/home/yuliayureva/Desktop/OPP/lab1/slog2sdk-1.2.6/lib'
libdir='${exec_prefix}/lib'
libexecdir='${exec_prefix}/libexec'
localstatedir='${prefix}/var'
mandir='${prefix}/man'
old_slog2srcdir='old_src'
oldincludedir='/usr/include'
prefix='/usr/local'
program_transform_name='s,x,x,'
sbindir='${exec_prefix}/sbin'
sharedstatedir='${prefix}/com'
slog2_make_dirs='base/io base/drawable base/statistics base/topology logformat/clog logformat/clogTOdrawable logformat/clog2 logformat/clog2TOdrawable logformat/trace logformat/slog2 viewer/common viewer/convertor viewer/legends viewer/zoomable viewer/histogram viewer/timelines viewer/first viewer/launcher'
srcbuild_dir='/home/yuliayureva/Desktop/OPP/lab1/slog2sdk-1.2.6/src'
sysconfdir='${prefix}/etc'
target_alias=''
top_srcdir_abs='/home/yuliayureva/Desktop/OPP/lab1/slog2sdk-1.2.6/src'

## ----------- ##
## confdefs.h. ##
## ----------- ##

#define PACKAGE_BUGREPORT ""
#define PACKAGE_NAME ""
#define PACKAGE_STRING ""
#define PACKAGE_TARNAME ""
#define PACKAGE_VERSION ""

configure: exit 0
