This file contains any messages produced by compilers while
running configure, to aid debugging if configure makes a mistake.

It was created by configure, which was
generated by GNU Autoconf 2.59.  Invocation command line was

  $ ./configure --prefix=/usr/local --cache-file=/dev/null --srcdir=.

## --------- ##
## Platform. ##
## --------- ##

hostname = NSUOS
uname -m = x86_64
uname -r = 6.5.0-21-generic
uname -s = Linux
uname -v = #21~22.04.1-Ubuntu SMP PREEMPT_DYNAMIC Fri Feb  9 13:32:52 UTC 2

/usr/bin/uname -p = x86_64
/bin/uname -X     = unknown

/bin/arch              = x86_64
/usr/bin/arch -k       = unknown
/usr/convex/getsysinfo = unknown
hostinfo               = unknown
/bin/machine           = unknown
/usr/bin/oslevel       = unknown
/bin/universe          = unknown

PATH: /usr/local/sbin
PATH: /usr/local/bin
PATH: /usr/sbin
PATH: /usr/bin
PATH: /sbin
PATH: /bin
PATH: /usr/games
PATH: /usr/local/games
PATH: /snap/bin
PATH: /snap/bin


## ----------- ##
## Core tests. ##
## ----------- ##

configure:1553: checking for current directory name
configure:1597: result: /home/yuliayureva/Desktop/OPP/lab1/slog2sdk-1.2.6/trace_sample
configure:1662: checking gnumake
configure:1677: result: yes using --no-print-directory
configure:1691: checking BSD 4.4 make
configure:1711: result: no - whew
configure:1717: checking OSF V3 make
configure:1736: result: no
configure:1743: checking for virtual path format
configure:1758: result: VPATH
configure:1867: checking for gcc
configure:1883: found /usr/bin/gcc
configure:1893: result: gcc
configure:2137: checking for C compiler version
configure:2140: gcc --version </dev/null >&5
gcc (Ubuntu 11.4.0-1ubuntu1~22.04) 11.4.0
Copyright (C) 2021 Free Software Foundation, Inc.
This is free software; see the source for copying conditions.  There is NO
warranty; not even for MERCHANTABILITY or FITNESS FOR A PARTICULAR PURPOSE.

configure:2143: $? = 0
configure:2145: gcc -v </dev/null >&5
Using built-in specs.
COLLECT_GCC=gcc
COLLECT_LTO_WRAPPER=/usr/lib/gcc/x86_64-linux-gnu/11/lto-wrapper
OFFLOAD_TARGET_NAMES=nvptx-none:amdgcn-amdhsa
OFFLOAD_TARGET_DEFAULT=1
Target: x86_64-linux-gnu
Configured with: ../src/configure -v --with-pkgversion='Ubuntu 11.4.0-1ubuntu1~22.04' --with-bugurl=file:///usr/share/doc/gcc-11/README.Bugs --enable-languages=c,ada,c++,go,brig,d,fortran,objc,obj-c++,m2 --prefix=/usr --with-gcc-major-version-only --program-suffix=-11 --program-prefix=x86_64-linux-gnu- --enable-shared --enable-linker-build-id --libexecdir=/usr/lib --without-included-gettext --enable-threads=posix --libdir=/usr/lib --enable-nls --enable-bootstrap --enable-clocale=gnu --enable-libstdcxx-debug --enable-libstdcxx-time=yes --with-default-libstdcxx-abi=new --enable-gnu-unique-object --disable-vtable-verify --enable-plugin --enable-default-pie --with-system-zlib --enable-libphobos-checking=release --with-target-system-zlib=auto --enable-objc-gc=auto --enable-multiarch --disable-werror --enable-cet --with-arch-32=i686 --with-abi=m64 --with-multilib-list=m32,m64,mx32 --enable-multilib --with-tune=generic --enable-offload-targets=nvptx-none=/build/gcc-11-XeT9lY/gcc-11-11.4.0/debian/tmp-nvptx/usr,amdgcn-amdhsa=/build/gcc-11-XeT9lY/gcc-11-11.4.0/debian/tmp-gcn/usr --without-cuda-driver --enable-checking=release --build=x86_64-linux-gnu --host=x86_64-linux-gnu --target=x86_64-linux-gnu --with-build-config=bootstrap-lto-lean --enable-link-serialization=2
Thread model: posix
Supported LTO compression algorithms: zlib zstd
gcc version 11.4.0 (Ubuntu 11.4.0-1ubuntu1~22.04) 
configure:2148: $? = 0
configure:2150: gcc -V </dev/null >&5
gcc: error: unrecognized command-line option '-V'
gcc: fatal error: no input files
compilation terminated.
configure:2153: $? = 1
configure:2176: checking for C compiler default output file name
configure:2179: gcc    conftest.c  >&5
configure:2182: $? = 0
configure:2228: result: a.out
configure:2233: checking whether the C compiler works
configure:2239: ./a.out
configure:2242: $? = 0
configure:2259: result: yes
configure:2266: checking whether we are cross compiling
configure:2268: result: no
configure:2271: checking for suffix of executables
configure:2273: gcc -o conftest    conftest.c  >&5
configure:2276: $? = 0
configure:2301: result: 
configure:2307: checking for suffix of object files
configure:2328: gcc -c   conftest.c >&5
configure:2331: $? = 0
configure:2353: result: o
configure:2357: checking whether we are using the GNU C compiler
configure:2381: gcc -c   conftest.c >&5
configure:2387: $? = 0
configure:2390: test -z 			 || test ! -s conftest.err
configure:2393: $? = 0
configure:2396: test -s conftest.o
configure:2399: $? = 0
configure:2412: result: yes
configure:2418: checking whether gcc accepts -g
configure:2439: gcc -c -g  conftest.c >&5
configure:2445: $? = 0
configure:2448: test -z 			 || test ! -s conftest.err
configure:2451: $? = 0
configure:2454: test -s conftest.o
configure:2457: $? = 0
configure:2468: result: yes
configure:2485: checking for gcc option to accept ANSI C
configure:2555: gcc  -c -g -O2  conftest.c >&5
configure:2561: $? = 0
configure:2564: test -z 			 || test ! -s conftest.err
configure:2567: $? = 0
configure:2570: test -s conftest.o
configure:2573: $? = 0
configure:2591: result: none needed
configure:2609: gcc -c -g -O2  conftest.c >&5
conftest.c:2:3: error: unknown type name 'choke'
    2 |   choke me
      |   ^~~~~
conftest.c:2:3: error: expected '=', ',', ';', 'asm' or '__attribute__' at end of input
configure:2615: $? = 1
configure: failed program was:
| #ifndef __cplusplus
|   choke me
| #endif
configure:2751: checking how to run the C preprocessor
configure:2786: gcc -E  conftest.c
configure:2792: $? = 0
configure:2824: gcc -E  conftest.c
conftest.c:9:10: fatal error: ac_nonexistent.h: No such file or directory
    9 | #include <ac_nonexistent.h>
      |          ^~~~~~~~~~~~~~~~~~
compilation terminated.
configure:2830: $? = 1
configure: failed program was:
| /* confdefs.h.  */
| 
| #define PACKAGE_NAME ""
| #define PACKAGE_TARNAME ""
| #define PACKAGE_VERSION ""
| #define PACKAGE_STRING ""
| #define PACKAGE_BUGREPORT ""
| /* end confdefs.h.  */
| #include <ac_nonexistent.h>
configure:2869: result: gcc -E
configure:2893: gcc -E  conftest.c
configure:2899: $? = 0
configure:2931: gcc -E  conftest.c
conftest.c:9:10: fatal error: ac_nonexistent.h: No such file or directory
    9 | #include <ac_nonexistent.h>
      |          ^~~~~~~~~~~~~~~~~~
compilation terminated.
configure:2937: $? = 1
configure: failed program was:
| /* confdefs.h.  */
| 
| #define PACKAGE_NAME ""
| #define PACKAGE_TARNAME ""
| #define PACKAGE_VERSION ""
| #define PACKAGE_STRING ""
| #define PACKAGE_BUGREPORT ""
| /* end confdefs.h.  */
| #include <ac_nonexistent.h>
configure:2981: checking for egrep
configure:2991: result: grep -E
configure:2996: checking for ANSI C header files
configure:3021: gcc -c -g -O2  conftest.c >&5
configure:3027: $? = 0
configure:3030: test -z 			 || test ! -s conftest.err
configure:3033: $? = 0
configure:3036: test -s conftest.o
configure:3039: $? = 0
configure:3128: gcc -o conftest -g -O2   conftest.c  >&5
conftest.c: In function 'main':
conftest.c:26:7: warning: implicit declaration of function 'exit' [-Wimplicit-function-declaration]
   26 |       exit(2);
      |       ^~~~
conftest.c:10:1: note: include '<stdlib.h>' or provide a declaration of 'exit'
    9 | #include <ctype.h>
  +++ |+#include <stdlib.h>
   10 | #if ((' ' & 0x0FF) == 0x020)
conftest.c:26:7: warning: incompatible implicit declaration of built-in function 'exit' [-Wbuiltin-declaration-mismatch]
   26 |       exit(2);
      |       ^~~~
conftest.c:26:7: note: include '<stdlib.h>' or provide a declaration of 'exit'
conftest.c:27:3: warning: incompatible implicit declaration of built-in function 'exit' [-Wbuiltin-declaration-mismatch]
   27 |   exit (0);
      |   ^~~~
conftest.c:27:3: note: include '<stdlib.h>' or provide a declaration of 'exit'
configure:3131: $? = 0
configure:3133: ./conftest
configure:3136: $? = 0
configure:3151: result: yes
configure:3175: checking for sys/types.h
configure:3191: gcc -c -g -O2  conftest.c >&5
configure:3197: $? = 0
configure:3200: test -z 			 || test ! -s conftest.err
configure:3203: $? = 0
configure:3206: test -s conftest.o
configure:3209: $? = 0
configure:3220: result: yes
configure:3175: checking for sys/stat.h
configure:3191: gcc -c -g -O2  conftest.c >&5
configure:3197: $? = 0
configure:3200: test -z 			 || test ! -s conftest.err
configure:3203: $? = 0
configure:3206: test -s conftest.o
configure:3209: $? = 0
configure:3220: result: yes
configure:3175: checking for stdlib.h
configure:3191: gcc -c -g -O2  conftest.c >&5
configure:3197: $? = 0
configure:3200: test -z 			 || test ! -s conftest.err
configure:3203: $? = 0
configure:3206: test -s conftest.o
configure:3209: $? = 0
configure:3220: result: yes
configure:3175: checking for string.h
configure:3191: gcc -c -g -O2  conftest.c >&5
configure:3197: $? = 0
configure:3200: test -z 			 || test ! -s conftest.err
configure:3203: $? = 0
configure:3206: test -s conftest.o
configure:3209: $? = 0
configure:3220: result: yes
configure:3175: checking for memory.h
configure:3191: gcc -c -g -O2  conftest.c >&5
configure:3197: $? = 0
configure:3200: test -z 			 || test ! -s conftest.err
configure:3203: $? = 0
configure:3206: test -s conftest.o
configure:3209: $? = 0
configure:3220: result: yes
configure:3175: checking for strings.h
configure:3191: gcc -c -g -O2  conftest.c >&5
configure:3197: $? = 0
configure:3200: test -z 			 || test ! -s conftest.err
configure:3203: $? = 0
configure:3206: test -s conftest.o
configure:3209: $? = 0
configure:3220: result: yes
configure:3175: checking for inttypes.h
configure:3191: gcc -c -g -O2  conftest.c >&5
configure:3197: $? = 0
configure:3200: test -z 			 || test ! -s conftest.err
configure:3203: $? = 0
configure:3206: test -s conftest.o
configure:3209: $? = 0
configure:3220: result: yes
configure:3175: checking for stdint.h
configure:3191: gcc -c -g -O2  conftest.c >&5
configure:3197: $? = 0
configure:3200: test -z 			 || test ! -s conftest.err
configure:3203: $? = 0
configure:3206: test -s conftest.o
configure:3209: $? = 0
configure:3220: result: yes
configure:3175: checking for unistd.h
configure:3191: gcc -c -g -O2  conftest.c >&5
configure:3197: $? = 0
configure:3200: test -z 			 || test ! -s conftest.err
configure:3203: $? = 0
configure:3206: test -s conftest.o
configure:3209: $? = 0
configure:3220: result: yes
configure:3239: checking for stdlib.h
configure:3244: result: yes
configure:3248: checking stdio.h usability
configure:3260: gcc -c -g -O2  conftest.c >&5
configure:3266: $? = 0
configure:3269: test -z 			 || test ! -s conftest.err
configure:3272: $? = 0
configure:3275: test -s conftest.o
configure:3278: $? = 0
configure:3288: result: yes
configure:3292: checking stdio.h presence
configure:3302: gcc -E  conftest.c
configure:3308: $? = 0
configure:3328: result: yes
configure:3363: checking for stdio.h
configure:3370: result: yes
configure:3239: checking for string.h
configure:3244: result: yes
configure:3383: checking for an ANSI C-conforming const
configure:3450: gcc -c -g -O2  conftest.c >&5
configure:3456: $? = 0
configure:3459: test -z 			 || test ! -s conftest.err
configure:3462: $? = 0
configure:3465: test -s conftest.o
configure:3468: $? = 0
configure:3479: result: yes
configure:3489: checking for void *
configure:3513: gcc -c -g -O2  conftest.c >&5
configure:3519: $? = 0
configure:3522: test -z 			 || test ! -s conftest.err
configure:3525: $? = 0
configure:3528: test -s conftest.o
configure:3531: $? = 0
configure:3542: result: yes
configure:3545: checking size of void *
configure:3857: gcc -o conftest -g -O2   conftest.c  >&5
configure:3860: $? = 0
configure:3862: ./conftest
configure:3865: $? = 0
configure:3888: result: 8
configure:3895: checking for int
configure:3919: gcc -c -g -O2  conftest.c >&5
configure:3925: $? = 0
configure:3928: test -z 			 || test ! -s conftest.err
configure:3931: $? = 0
configure:3934: test -s conftest.o
configure:3937: $? = 0
configure:3948: result: yes
configure:3951: checking size of int
configure:4263: gcc -o conftest -g -O2   conftest.c  >&5
configure:4266: $? = 0
configure:4268: ./conftest
configure:4271: $? = 0
configure:4294: result: 4
configure:4301: checking for long
configure:4325: gcc -c -g -O2  conftest.c >&5
configure:4331: $? = 0
configure:4334: test -z 			 || test ! -s conftest.err
configure:4337: $? = 0
configure:4340: test -s conftest.o
configure:4343: $? = 0
configure:4354: result: yes
configure:4357: checking size of long
configure:4669: gcc -o conftest -g -O2   conftest.c  >&5
configure:4672: $? = 0
configure:4674: ./conftest
configure:4677: $? = 0
configure:4700: result: 8
configure:4707: checking for long long
configure:4731: gcc -c -g -O2  conftest.c >&5
configure:4737: $? = 0
configure:4740: test -z 			 || test ! -s conftest.err
configure:4743: $? = 0
configure:4746: test -s conftest.o
configure:4749: $? = 0
configure:4760: result: yes
configure:4763: checking size of long long
configure:5075: gcc -o conftest -g -O2   conftest.c  >&5
configure:5078: $? = 0
configure:5080: ./conftest
configure:5083: $? = 0
configure:5106: result: 8
configure:5113: checking for __int64
configure:5137: gcc -c -g -O2  conftest.c >&5
conftest.c: In function 'main':
conftest.c:63:6: error: '__int64' undeclared (first use in this function); did you mean '__int64_t'?
   63 | if ((__int64 *) 0)
      |      ^~~~~~~
      |      __int64_t
conftest.c:63:6: note: each undeclared identifier is reported only once for each function it appears in
conftest.c:63:15: error: expected expression before ')' token
   63 | if ((__int64 *) 0)
      |               ^
configure:5143: $? = 1
configure: failed program was:
| /* confdefs.h.  */
| 
| #define PACKAGE_NAME ""
| #define PACKAGE_TARNAME ""
| #define PACKAGE_VERSION ""
| #define PACKAGE_STRING ""
| #define PACKAGE_BUGREPORT ""
| #define STDC_HEADERS 1
| #define HAVE_SYS_TYPES_H 1
| #define HAVE_SYS_STAT_H 1
| #define HAVE_STDLIB_H 1
| #define HAVE_STRING_H 1
| #define HAVE_MEMORY_H 1
| #define HAVE_STRINGS_H 1
| #define HAVE_INTTYPES_H 1
| #define HAVE_STDINT_H 1
| #define HAVE_UNISTD_H 1
| #define HAVE_STDLIB_H 1
| #define HAVE_STDIO_H 1
| #define HAVE_STRING_H 1
| #define SIZEOF_VOID_P 8
| #define SIZEOF_INT 4
| #define SIZEOF_LONG 8
| #define SIZEOF_LONG_LONG 8
| /* end confdefs.h.  */
| #include <stdio.h>
| #if HAVE_SYS_TYPES_H
| # include <sys/types.h>
| #endif
| #if HAVE_SYS_STAT_H
| # include <sys/stat.h>
| #endif
| #if STDC_HEADERS
| # include <stdlib.h>
| # include <stddef.h>
| #else
| # if HAVE_STDLIB_H
| #  include <stdlib.h>
| # endif
| #endif
| #if HAVE_STRING_H
| # if !STDC_HEADERS && HAVE_MEMORY_H
| #  include <memory.h>
| # endif
| # include <string.h>
| #endif
| #if HAVE_STRINGS_H
| # include <strings.h>
| #endif
| #if HAVE_INTTYPES_H
| # include <inttypes.h>
| #else
| # if HAVE_STDINT_H
| #  include <stdint.h>
| # endif
| #endif
| #if HAVE_UNISTD_H
| # include <unistd.h>
| #endif
| int
| main ()
| {
| if ((__int64 *) 0)
|   return 0;
| if (sizeof (__int64))
|   return 0;
|   ;
|   return 0;
| }
configure:5166: result: no
configure:5169: checking size of __int64
configure:5512: result: 0
configure:5556: checking whether byte ordering is bigendian
configure:5583: gcc -c -g -O2  conftest.c >&5
configure:5589: $? = 0
configure:5592: test -z 			 || test ! -s conftest.err
configure:5595: $? = 0
configure:5598: test -s conftest.o
configure:5601: $? = 0
configure:5625: gcc -c -g -O2  conftest.c >&5
conftest.c: In function 'main':
conftest.c:34:2: error: unknown type name 'not'; did you mean 'ino_t'?
   34 |  not big endian
      |  ^~~
      |  ino_t
conftest.c:34:10: error: expected '=', ',', ';', 'asm' or '__attribute__' before 'endian'
   34 |  not big endian
      |          ^~~~~~
configure:5631: $? = 1
configure: failed program was:
| /* confdefs.h.  */
| 
| #define PACKAGE_NAME ""
| #define PACKAGE_TARNAME ""
| #define PACKAGE_VERSION ""
| #define PACKAGE_STRING ""
| #define PACKAGE_BUGREPORT ""
| #define STDC_HEADERS 1
| #define HAVE_SYS_TYPES_H 1
| #define HAVE_SYS_STAT_H 1
| #define HAVE_STDLIB_H 1
| #define HAVE_STRING_H 1
| #define HAVE_MEMORY_H 1
| #define HAVE_STRINGS_H 1
| #define HAVE_INTTYPES_H 1
| #define HAVE_STDINT_H 1
| #define HAVE_UNISTD_H 1
| #define HAVE_STDLIB_H 1
| #define HAVE_STDIO_H 1
| #define HAVE_STRING_H 1
| #define SIZEOF_VOID_P 8
| #define SIZEOF_INT 4
| #define SIZEOF_LONG 8
| #define SIZEOF_LONG_LONG 8
| #define SIZEOF___INT64 0
| /* end confdefs.h.  */
| #include <sys/types.h>
| #include <sys/param.h>
| 
| int
| main ()
| {
| #if BYTE_ORDER != BIG_ENDIAN
|  not big endian
| #endif
| 
|   ;
|   return 0;
| }
configure:5764: result: no
configure:5792: checking build system type
configure:5810: result: x86_64-unknown-linux-gnu
configure:5818: checking host system type
configure:5832: result: x86_64-unknown-linux-gnu
configure:5899: checking for sed
configure:5915: found /usr/bin/sed
configure:5926: result: sed
configure:5981: checking for a sed that does not truncate output
configure:6035: result: /usr/bin/sed
configure:6049: checking for ld used by gcc
configure:6116: result: /usr/bin/ld
configure:6125: checking if the linker (/usr/bin/ld) is GNU ld
configure:6140: result: yes
configure:6145: checking for /usr/bin/ld option to reload object files
configure:6152: result: -r
configure:6170: checking for BSD-compatible nm
configure:6212: result: /usr/bin/nm -B
configure:6216: checking whether ln -s works
configure:6220: result: yes
configure:6227: checking how to recognise dependent libraries
configure:6399: result: pass_all
configure:6483: gcc -c -g -O2  conftest.c >&5
configure:6486: $? = 0
configure:6862: checking dlfcn.h usability
configure:6874: gcc -c -g -O2  conftest.c >&5
configure:6880: $? = 0
configure:6883: test -z 			 || test ! -s conftest.err
configure:6886: $? = 0
configure:6889: test -s conftest.o
configure:6892: $? = 0
configure:6902: result: yes
configure:6906: checking dlfcn.h presence
configure:6916: gcc -E  conftest.c
configure:6922: $? = 0
configure:6942: result: yes
configure:6977: checking for dlfcn.h
configure:6984: result: yes
configure:7049: checking for g++
configure:7065: found /usr/bin/g++
configure:7075: result: g++
configure:7091: checking for C++ compiler version
configure:7094: g++ --version </dev/null >&5
g++ (Ubuntu 11.4.0-1ubuntu1~22.04) 11.4.0
Copyright (C) 2021 Free Software Foundation, Inc.
This is free software; see the source for copying conditions.  There is NO
warranty; not even for MERCHANTABILITY or FITNESS FOR A PARTICULAR PURPOSE.

configure:7097: $? = 0
configure:7099: g++ -v </dev/null >&5
Using built-in specs.
COLLECT_GCC=g++
COLLECT_LTO_WRAPPER=/usr/lib/gcc/x86_64-linux-gnu/11/lto-wrapper
OFFLOAD_TARGET_NAMES=nvptx-none:amdgcn-amdhsa
OFFLOAD_TARGET_DEFAULT=1
Target: x86_64-linux-gnu
Configured with: ../src/configure -v --with-pkgversion='Ubuntu 11.4.0-1ubuntu1~22.04' --with-bugurl=file:///usr/share/doc/gcc-11/README.Bugs --enable-languages=c,ada,c++,go,brig,d,fortran,objc,obj-c++,m2 --prefix=/usr --with-gcc-major-version-only --program-suffix=-11 --program-prefix=x86_64-linux-gnu- --enable-shared --enable-linker-build-id --libexecdir=/usr/lib --without-included-gettext --enable-threads=posix --libdir=/usr/lib --enable-nls --enable-bootstrap --enable-clocale=gnu --enable-libstdcxx-debug --enable-libstdcxx-time=yes --with-default-libstdcxx-abi=new --enable-gnu-unique-object --disable-vtable-verify --enable-plugin --enable-default-pie --with-system-zlib --enable-libphobos-checking=release --with-target-system-zlib=auto --enable-objc-gc=auto --enable-multiarch --disable-werror --enable-cet --with-arch-32=i686 --with-abi=m64 --with-multilib-list=m32,m64,mx32 --enable-multilib --with-tune=generic --enable-offload-targets=nvptx-none=/build/gcc-11-XeT9lY/gcc-11-11.4.0/debian/tmp-nvptx/usr,amdgcn-amdhsa=/build/gcc-11-XeT9lY/gcc-11-11.4.0/debian/tmp-gcn/usr --without-cuda-driver --enable-checking=release --build=x86_64-linux-gnu --host=x86_64-linux-gnu --target=x86_64-linux-gnu --with-build-config=bootstrap-lto-lean --enable-link-serialization=2
Thread model: posix
Supported LTO compression algorithms: zlib zstd
gcc version 11.4.0 (Ubuntu 11.4.0-1ubuntu1~22.04) 
configure:7102: $? = 0
configure:7104: g++ -V </dev/null >&5
g++: error: unrecognized command-line option '-V'
g++: fatal error: no input files
compilation terminated.
configure:7107: $? = 1
configure:7110: checking whether we are using the GNU C++ compiler
configure:7134: g++ -c   conftest.cc >&5
configure:7140: $? = 0
configure:7143: test -z 			 || test ! -s conftest.err
configure:7146: $? = 0
configure:7149: test -s conftest.o
configure:7152: $? = 0
configure:7165: result: yes
configure:7171: checking whether g++ accepts -g
configure:7192: g++ -c -g  conftest.cc >&5
configure:7198: $? = 0
configure:7201: test -z 			 || test ! -s conftest.err
configure:7204: $? = 0
configure:7207: test -s conftest.o
configure:7210: $? = 0
configure:7221: result: yes
configure:7263: g++ -c -g -O2  conftest.cc >&5
configure:7269: $? = 0
configure:7272: test -z 			 || test ! -s conftest.err
configure:7275: $? = 0
configure:7278: test -s conftest.o
configure:7281: $? = 0
configure:7307: g++ -c -g -O2  conftest.cc >&5
conftest.cc: In function 'int main()':
conftest.cc:32:1: error: 'exit' was not declared in this scope
   32 | exit (42);
      | ^~~~
configure:7313: $? = 1
configure: failed program was:
| /* confdefs.h.  */
| 
| #define PACKAGE_NAME ""
| #define PACKAGE_TARNAME ""
| #define PACKAGE_VERSION ""
| #define PACKAGE_STRING ""
| #define PACKAGE_BUGREPORT ""
| #define STDC_HEADERS 1
| #define HAVE_SYS_TYPES_H 1
| #define HAVE_SYS_STAT_H 1
| #define HAVE_STDLIB_H 1
| #define HAVE_STRING_H 1
| #define HAVE_MEMORY_H 1
| #define HAVE_STRINGS_H 1
| #define HAVE_INTTYPES_H 1
| #define HAVE_STDINT_H 1
| #define HAVE_UNISTD_H 1
| #define HAVE_STDLIB_H 1
| #define HAVE_STDIO_H 1
| #define HAVE_STRING_H 1
| #define SIZEOF_VOID_P 8
| #define SIZEOF_INT 4
| #define SIZEOF_LONG 8
| #define SIZEOF_LONG_LONG 8
| #define SIZEOF___INT64 0
| #define HAVE_DLFCN_H 1
| /* end confdefs.h.  */
| 
| int
| main ()
| {
| exit (42);
|   ;
|   return 0;
| }
configure:7263: g++ -c -g -O2  conftest.cc >&5
conftest.cc:28:17: warning: 'void std::exit(int)' has not been declared within 'std'
   28 | extern "C" void std::exit (int) throw (); using std::exit;
      |                 ^~~
<built-in>: note: only here as a 'friend'
configure:7269: $? = 0
configure:7272: test -z 			 || test ! -s conftest.err
configure:7275: $? = 0
configure:7278: test -s conftest.o
configure:7281: $? = 0
configure:7307: g++ -c -g -O2  conftest.cc >&5
conftest.cc:28:17: warning: 'void std::exit(int)' has not been declared within 'std'
   28 | extern "C" void std::exit (int) throw (); using std::exit;
      |                 ^~~
<built-in>: note: only here as a 'friend'
configure:7313: $? = 0
configure:7316: test -z 			 || test ! -s conftest.err
configure:7319: $? = 0
configure:7322: test -s conftest.o
configure:7325: $? = 0
configure:7358: checking how to run the C++ preprocessor
configure:7389: g++ -E  conftest.cc
configure:7395: $? = 0
configure:7427: g++ -E  conftest.cc
conftest.cc:31:10: fatal error: ac_nonexistent.h: No such file or directory
   31 | #include <ac_nonexistent.h>
      |          ^~~~~~~~~~~~~~~~~~
compilation terminated.
configure:7433: $? = 1
configure: failed program was:
| /* confdefs.h.  */
| 
| #define PACKAGE_NAME ""
| #define PACKAGE_TARNAME ""
| #define PACKAGE_VERSION ""
| #define PACKAGE_STRING ""
| #define PACKAGE_BUGREPORT ""
| #define STDC_HEADERS 1
| #define HAVE_SYS_TYPES_H 1
| #define HAVE_SYS_STAT_H 1
| #define HAVE_STDLIB_H 1
| #define HAVE_STRING_H 1
| #define HAVE_MEMORY_H 1
| #define HAVE_STRINGS_H 1
| #define HAVE_INTTYPES_H 1
| #define HAVE_STDINT_H 1
| #define HAVE_UNISTD_H 1
| #define HAVE_STDLIB_H 1
| #define HAVE_STDIO_H 1
| #define HAVE_STRING_H 1
| #define SIZEOF_VOID_P 8
| #define SIZEOF_INT 4
| #define SIZEOF_LONG 8
| #define SIZEOF_LONG_LONG 8
| #define SIZEOF___INT64 0
| #define HAVE_DLFCN_H 1
| #ifdef __cplusplus
| extern "C" void std::exit (int) throw (); using std::exit;
| #endif
| /* end confdefs.h.  */
| #include <ac_nonexistent.h>
configure:7472: result: g++ -E
configure:7496: g++ -E  conftest.cc
configure:7502: $? = 0
configure:7534: g++ -E  conftest.cc
conftest.cc:31:10: fatal error: ac_nonexistent.h: No such file or directory
   31 | #include <ac_nonexistent.h>
      |          ^~~~~~~~~~~~~~~~~~
compilation terminated.
configure:7540: $? = 1
configure: failed program was:
| /* confdefs.h.  */
| 
| #define PACKAGE_NAME ""
| #define PACKAGE_TARNAME ""
| #define PACKAGE_VERSION ""
| #define PACKAGE_STRING ""
| #define PACKAGE_BUGREPORT ""
| #define STDC_HEADERS 1
| #define HAVE_SYS_TYPES_H 1
| #define HAVE_SYS_STAT_H 1
| #define HAVE_STDLIB_H 1
| #define HAVE_STRING_H 1
| #define HAVE_MEMORY_H 1
| #define HAVE_STRINGS_H 1
| #define HAVE_INTTYPES_H 1
| #define HAVE_STDINT_H 1
| #define HAVE_UNISTD_H 1
| #define HAVE_STDLIB_H 1
| #define HAVE_STDIO_H 1
| #define HAVE_STRING_H 1
| #define SIZEOF_VOID_P 8
| #define SIZEOF_INT 4
| #define SIZEOF_LONG 8
| #define SIZEOF_LONG_LONG 8
| #define SIZEOF___INT64 0
| #define HAVE_DLFCN_H 1
| #ifdef __cplusplus
| extern "C" void std::exit (int) throw (); using std::exit;
| #endif
| /* end confdefs.h.  */
| #include <ac_nonexistent.h>
configure:7637: checking for g77
configure:7666: result: no
configure:7637: checking for f77
configure:7653: found /usr/bin/f77
configure:7663: result: f77
configure:7678: checking for Fortran 77 compiler version
configure:7681: f77 --version </dev/null >&5
GNU Fortran (Ubuntu 11.4.0-1ubuntu1~22.04) 11.4.0
Copyright (C) 2021 Free Software Foundation, Inc.
This is free software; see the source for copying conditions.  There is NO
warranty; not even for MERCHANTABILITY or FITNESS FOR A PARTICULAR PURPOSE.

configure:7684: $? = 0
configure:7686: f77 -v </dev/null >&5
Using built-in specs.
COLLECT_GCC=f77
COLLECT_LTO_WRAPPER=/usr/lib/gcc/x86_64-linux-gnu/11/lto-wrapper
OFFLOAD_TARGET_NAMES=nvptx-none:amdgcn-amdhsa
OFFLOAD_TARGET_DEFAULT=1
Target: x86_64-linux-gnu
Configured with: ../src/configure -v --with-pkgversion='Ubuntu 11.4.0-1ubuntu1~22.04' --with-bugurl=file:///usr/share/doc/gcc-11/README.Bugs --enable-languages=c,ada,c++,go,brig,d,fortran,objc,obj-c++,m2 --prefix=/usr --with-gcc-major-version-only --program-suffix=-11 --program-prefix=x86_64-linux-gnu- --enable-shared --enable-linker-build-id --libexecdir=/usr/lib --without-included-gettext --enable-threads=posix --libdir=/usr/lib --enable-nls --enable-bootstrap --enable-clocale=gnu --enable-libstdcxx-debug --enable-libstdcxx-time=yes --with-default-libstdcxx-abi=new --enable-gnu-unique-object --disable-vtable-verify --enable-plugin --enable-default-pie --with-system-zlib --enable-libphobos-checking=release --with-target-system-zlib=auto --enable-objc-gc=auto --enable-multiarch --disable-werror --enable-cet --with-arch-32=i686 --with-abi=m64 --with-multilib-list=m32,m64,mx32 --enable-multilib --with-tune=generic --enable-offload-targets=nvptx-none=/build/gcc-11-XeT9lY/gcc-11-11.4.0/debian/tmp-nvptx/usr,amdgcn-amdhsa=/build/gcc-11-XeT9lY/gcc-11-11.4.0/debian/tmp-gcn/usr --without-cuda-driver --enable-checking=release --build=x86_64-linux-gnu --host=x86_64-linux-gnu --target=x86_64-linux-gnu --with-build-config=bootstrap-lto-lean --enable-link-serialization=2
Thread model: posix
Supported LTO compression algorithms: zlib zstd
gcc version 11.4.0 (Ubuntu 11.4.0-1ubuntu1~22.04) 
configure:7689: $? = 0
configure:7691: f77 -V </dev/null >&5
f77: error: unrecognized command-line option '-V'
f77: fatal error: no input files
compilation terminated.
configure:7694: $? = 1
configure:7702: checking whether we are using the GNU Fortran 77 compiler
configure:7716: f77 -c  conftest.F >&5
configure:7722: $? = 0
configure:7725: test -z 			 || test ! -s conftest.err
configure:7728: $? = 0
configure:7731: test -s conftest.o
configure:7734: $? = 0
configure:7747: result: yes
configure:7753: checking whether f77 accepts -g
configure:7765: f77 -c -g conftest.f >&5
configure:7771: $? = 0
configure:7774: test -z 			 || test ! -s conftest.err
configure:7777: $? = 0
configure:7780: test -s conftest.o
configure:7783: $? = 0
configure:7795: result: yes
configure:7825: checking the maximum length of command line arguments
configure:7917: result: 32768
configure:7928: checking command to parse /usr/bin/nm -B output from gcc object
configure:8024: gcc -c -g -O2  conftest.c >&5
configure:8027: $? = 0
configure:8031: /usr/bin/nm -B conftest.o \| sed -n -e 's/^.*[ 	]\([ABCDGIRSTW][ABCDGIRSTW]*\)[ 	][ 	]*\([_A-Za-z][_A-Za-z0-9]*\)$/\1 \2 \2/p' \> conftest.nm
configure:8034: $? = 0
configure:8086: gcc -o conftest -g -O2   conftest.c conftstm.o >&5
configure:8089: $? = 0
configure:8127: result: ok
configure:8131: checking for objdir
configure:8146: result: .libs
configure:8236: checking for ar
configure:8252: found /usr/bin/ar
configure:8263: result: ar
configure:8316: checking for ranlib
configure:8332: found /usr/bin/ranlib
configure:8343: result: ranlib
configure:8396: checking for strip
configure:8412: found /usr/bin/strip
configure:8423: result: strip
configure:8710: checking if gcc static flag  works
configure:8738: result: yes
configure:8760: checking if gcc supports -fno-rtti -fno-exceptions
configure:8778: gcc -c -g -O2  -fno-rtti -fno-exceptions conftest.c >&5
cc1: warning: command-line option '-fno-rtti' is valid for C++/D/ObjC++ but not for C
configure:8782: $? = 0
configure:8795: result: no
configure:8810: checking for gcc option to produce PIC
configure:9014: result: -fPIC
configure:9022: checking if gcc PIC flag -fPIC works
configure:9040: gcc -c -g -O2  -fPIC -DPIC conftest.c >&5
configure:9044: $? = 0
configure:9057: result: yes
configure:9081: checking if gcc supports -c -o file.o
configure:9102: gcc -c -g -O2  -o out/conftest2.o conftest.c >&5
configure:9106: $? = 0
configure:9128: result: yes
configure:9154: checking whether the gcc linker (/usr/bin/ld -m elf_x86_64) supports shared libraries
configure:10048: result: yes
configure:10074: checking whether -lc should be explicitly linked in
configure:10079: gcc -c -g -O2  conftest.c >&5
configure:10082: $? = 0
configure:10096: gcc -shared conftest.o  -v -Wl,-soname -Wl,conftest -o conftest 2\>\&1 \| grep  -lc  \>/dev/null 2\>\&1
configure:10099: $? = 0
configure:10111: result: no
configure:10119: checking dynamic linker characteristics
configure:10665: result: GNU/Linux ld.so
configure:10669: checking how to hardcode library paths into programs
configure:10694: result: immediate
configure:10708: checking whether stripping libraries is possible
configure:10713: result: yes
configure:11536: checking if libtool supports shared libraries
configure:11538: result: yes
configure:11541: checking whether to build shared libraries
configure:11562: result: yes
configure:11565: checking whether to build static libraries
configure:11569: result: no
configure:11661: creating libtool
configure:12239: checking for ld used by g++
configure:12306: result: /usr/bin/ld -m elf_x86_64
configure:12315: checking if the linker (/usr/bin/ld -m elf_x86_64) is GNU ld
configure:12330: result: yes
configure:12381: checking whether the g++ linker (/usr/bin/ld -m elf_x86_64) supports shared libraries
configure:13266: result: yes
configure:13288: g++ -c -g -O2  conftest.cc >&5
configure:13291: $? = 0
configure:13387: checking for g++ option to produce PIC
configure:13655: result: -fPIC
configure:13663: checking if g++ PIC flag -fPIC works
configure:13681: g++ -c -g -O2  -fPIC -DPIC conftest.cc >&5
configure:13685: $? = 0
configure:13698: result: yes
configure:13722: checking if g++ supports -c -o file.o
configure:13743: g++ -c -g -O2  -o out/conftest2.o conftest.cc >&5
configure:13747: $? = 0
configure:13769: result: yes
configure:13795: checking whether the g++ linker (/usr/bin/ld -m elf_x86_64) supports shared libraries
configure:13820: result: yes
configure:13891: checking dynamic linker characteristics
configure:14437: result: GNU/Linux ld.so
configure:14441: checking how to hardcode library paths into programs
configure:14466: result: immediate
configure:14480: checking whether stripping libraries is possible
configure:14485: result: yes
configure:15814: checking if libtool supports shared libraries
configure:15816: result: yes
configure:15819: checking whether to build shared libraries
configure:15839: result: yes
configure:15842: checking whether to build static libraries
configure:15846: result: no
configure:15858: checking for f77 option to produce PIC
configure:16062: result: -fPIC
configure:16070: checking if f77 PIC flag -fPIC works
configure:16088: f77 -c -g -O2 -fPIC conftest.f >&5
configure:16092: $? = 0
configure:16105: result: yes
configure:16129: checking if f77 supports -c -o file.o
configure:16150: f77 -c -g -O2 -o out/conftest2.o conftest.f >&5
configure:16154: $? = 0
configure:16176: result: yes
configure:16202: checking whether the f77 linker (/usr/bin/ld -m elf_x86_64) supports shared libraries
configure:17076: result: yes
configure:17147: checking dynamic linker characteristics
configure:17693: result: GNU/Linux ld.so
configure:17697: checking how to hardcode library paths into programs
configure:17722: result: immediate
configure:17736: checking whether stripping libraries is possible
configure:17741: result: yes
configure:21979: checking for malloc in -lefence
configure:22009: gcc -o conftest -g -O2   conftest.c -lefence   >&5
conftest.c:38:6: warning: conflicting types for built-in function 'malloc'; expected 'void *(long unsigned int)' [-Wbuiltin-declaration-mismatch]
   38 | char malloc ();
      |      ^~~~~~
conftest.c:1:1: note: 'malloc' is declared in header '<stdlib.h>'
    1 | /* confdefs.h.  */
/usr/bin/ld: cannot find -lefence: No such file or directory
collect2: error: ld returned 1 exit status
configure:22015: $? = 1
configure: failed program was:
| /* confdefs.h.  */
| 
| #define PACKAGE_NAME ""
| #define PACKAGE_TARNAME ""
| #define PACKAGE_VERSION ""
| #define PACKAGE_STRING ""
| #define PACKAGE_BUGREPORT ""
| #define STDC_HEADERS 1
| #define HAVE_SYS_TYPES_H 1
| #define HAVE_SYS_STAT_H 1
| #define HAVE_STDLIB_H 1
| #define HAVE_STRING_H 1
| #define HAVE_MEMORY_H 1
| #define HAVE_STRINGS_H 1
| #define HAVE_INTTYPES_H 1
| #define HAVE_STDINT_H 1
| #define HAVE_UNISTD_H 1
| #define HAVE_STDLIB_H 1
| #define HAVE_STDIO_H 1
| #define HAVE_STRING_H 1
| #define SIZEOF_VOID_P 8
| #define SIZEOF_INT 4
| #define SIZEOF_LONG 8
| #define SIZEOF_LONG_LONG 8
| #define SIZEOF___INT64 0
| #define HAVE_DLFCN_H 1
| #ifdef __cplusplus
| extern "C" void std::exit (int) throw (); using std::exit;
| #endif
| /* end confdefs.h.  */
| 
| /* Override any gcc2 internal prototype to avoid an error.  */
| #ifdef __cplusplus
| extern "C"
| #endif
| /* We use char because int might match the return type of a gcc2
|    builtin and then its argument prototype would still apply.  */
| char malloc ();
| int
| main ()
| {
| malloc ();
|   ;
|   return 0;
| }
configure:22040: result: no
configure:22051: checking for strstr
configure:22108: gcc -o conftest -g -O2   conftest.c  >&5
conftest.c:55:6: warning: conflicting types for built-in function 'strstr'; expected 'char *(const char *, const char *)' [-Wbuiltin-declaration-mismatch]
   55 | char strstr ();
      |      ^~~~~~
conftest.c:42:1: note: 'strstr' is declared in header '<string.h>'
   41 | # include <limits.h>
   42 | #else
configure:22114: $? = 0
configure:22117: test -z 			 || test ! -s conftest.err
configure:22120: $? = 0
configure:22123: test -s conftest
configure:22126: $? = 0
configure:22138: result: yes
configure:22149: checking target system type
configure:22163: result: x86_64-unknown-linux-gnu
configure:22302: checking for javah in user's PATH
configure:22312: result: found /usr/bin/javah
configure:22315: checking if /usr/bin/javah works
configure:22318: result: unknown!
configure:22321: checking if /usr exists
configure:22329: result: yes
configure:22331: checking for <jni.h> include flag
configure:22427: result: no
configure:22429: checking for working javah in user's PATH
configure:22312: result: found /bin/javah
configure:22315: checking if /bin/javah works
configure:22318: result: unknown!
configure:22321: checking if  exists
configure:22427: result: no
configure:22429: checking for working javah in user's PATH
configure:22439: result: not found
configure:22497: checking for javah in known locations
configure:22569: result: found /usr/bin/javah
configure:22572: checking if /usr/bin/javah works
configure:22575: result: unknown!
configure:22578: checking if /usr exists
configure:22586: result: yes
configure:22588: checking for <jni.h> include flag
configure:22684: result: no
configure:22686: checking for working javah in known locations
configure:22695: result: not found
configure:22707: WARNING:  Invalid JNI include dir, exit! 

## ---------------- ##
## Cache variables. ##
## ---------------- ##

ac_cv_build=x86_64-unknown-linux-gnu
ac_cv_build_alias=x86_64-unknown-linux-gnu
ac_cv_c_bigendian=no
ac_cv_c_compiler_gnu=yes
ac_cv_c_const=yes
ac_cv_cxx_compiler_gnu=yes
ac_cv_env_CC_set=
ac_cv_env_CC_value=
ac_cv_env_CFLAGS_set=
ac_cv_env_CFLAGS_value=
ac_cv_env_CPPFLAGS_set=
ac_cv_env_CPPFLAGS_value=
ac_cv_env_CPP_set=
ac_cv_env_CPP_value=
ac_cv_env_CXXCPP_set=
ac_cv_env_CXXCPP_value=
ac_cv_env_CXXFLAGS_set=
ac_cv_env_CXXFLAGS_value=
ac_cv_env_CXX_set=
ac_cv_env_CXX_value=
ac_cv_env_F77_set=
ac_cv_env_F77_value=
ac_cv_env_FFLAGS_set=
ac_cv_env_FFLAGS_value=
ac_cv_env_LDFLAGS_set=
ac_cv_env_LDFLAGS_value=
ac_cv_env_build_alias_set=
ac_cv_env_build_alias_value=
ac_cv_env_host_alias_set=
ac_cv_env_host_alias_value=
ac_cv_env_target_alias_set=
ac_cv_env_target_alias_value=
ac_cv_exeext=
ac_cv_f77_compiler_gnu=yes
ac_cv_func_strstr=yes
ac_cv_header_dlfcn_h=yes
ac_cv_header_inttypes_h=yes
ac_cv_header_memory_h=yes
ac_cv_header_stdc=yes
ac_cv_header_stdint_h=yes
ac_cv_header_stdio_h=yes
ac_cv_header_stdlib_h=yes
ac_cv_header_string_h=yes
ac_cv_header_strings_h=yes
ac_cv_header_sys_stat_h=yes
ac_cv_header_sys_types_h=yes
ac_cv_header_unistd_h=yes
ac_cv_host=x86_64-unknown-linux-gnu
ac_cv_host_alias=x86_64-unknown-linux-gnu
ac_cv_lib_efence_malloc=no
ac_cv_objext=o
ac_cv_prog_CPP='gcc -E'
ac_cv_prog_CXXCPP='g++ -E'
ac_cv_prog_SED=sed
ac_cv_prog_ac_ct_AR=ar
ac_cv_prog_ac_ct_CC=gcc
ac_cv_prog_ac_ct_CXX=g++
ac_cv_prog_ac_ct_F77=f77
ac_cv_prog_ac_ct_RANLIB=ranlib
ac_cv_prog_ac_ct_STRIP=strip
ac_cv_prog_cc_g=yes
ac_cv_prog_cc_stdc=
ac_cv_prog_cxx_g=yes
ac_cv_prog_egrep='grep -E'
ac_cv_prog_f77_g=yes
ac_cv_sizeof___int64=0
ac_cv_sizeof_int=4
ac_cv_sizeof_long=8
ac_cv_sizeof_long_long=8
ac_cv_sizeof_void_p=8
ac_cv_target=x86_64-unknown-linux-gnu
ac_cv_target_alias=x86_64-unknown-linux-gnu
ac_cv_type___int64=no
ac_cv_type_int=yes
ac_cv_type_long=yes
ac_cv_type_long_long=yes
ac_cv_type_void_p=yes
lt_cv_deplibs_check_method=pass_all
lt_cv_file_magic_cmd='$MAGIC_CMD'
lt_cv_file_magic_test_file=
lt_cv_ld_reload_flag=-r
lt_cv_objdir=.libs
lt_cv_path_LD=/usr/bin/ld
lt_cv_path_LDCXX='/usr/bin/ld -m elf_x86_64'
lt_cv_path_NM='/usr/bin/nm -B'
lt_cv_path_SED=/usr/bin/sed
lt_cv_prog_compiler_c_o=yes
lt_cv_prog_compiler_c_o_CXX=yes
lt_cv_prog_compiler_c_o_F77=yes
lt_cv_prog_compiler_rtti_exceptions=no
lt_cv_prog_gnu_ld=yes
lt_cv_prog_gnu_ldcxx=yes
lt_cv_sys_global_symbol_pipe='sed -n -e '\''s/^.*[ 	]\([ABCDGIRSTW][ABCDGIRSTW]*\)[ 	][ 	]*\([_A-Za-z][_A-Za-z0-9]*\)$/\1 \2 \2/p'\'''
lt_cv_sys_global_symbol_to_c_name_address='sed -n -e '\''s/^: \([^ ]*\) $/  {\"\1\", (lt_ptr) 0},/p'\'' -e '\''s/^[BCDEGRST] \([^ ]*\) \([^ ]*\)$/  {"\2", (lt_ptr) \&\2},/p'\'''
lt_cv_sys_global_symbol_to_cdecl='sed -n -e '\''s/^. .* \(.*\)$/extern int \1;/p'\'''
lt_cv_sys_max_cmd_len=32768
lt_lt_cv_prog_compiler_c_o='"yes"'
lt_lt_cv_prog_compiler_c_o_CXX='"yes"'
lt_lt_cv_prog_compiler_c_o_F77='"yes"'
lt_lt_cv_sys_global_symbol_pipe='"sed -n -e '\''s/^.*[ 	]\\([ABCDGIRSTW][ABCDGIRSTW]*\\)[ 	][ 	]*\\([_A-Za-z][_A-Za-z0-9]*\\)\$/\\1 \\2 \\2/p'\''"'
lt_lt_cv_sys_global_symbol_to_c_name_address='"sed -n -e '\''s/^: \\([^ ]*\\) \$/  {\\\"\\1\\\", (lt_ptr) 0},/p'\'' -e '\''s/^[BCDEGRST] \\([^ ]*\\) \\([^ ]*\\)\$/  {\"\\2\", (lt_ptr) \\&\\2},/p'\''"'
lt_lt_cv_sys_global_symbol_to_cdecl='"sed -n -e '\''s/^. .* \\(.*\\)\$/extern int \\1;/p'\''"'

## ----------------- ##
## Output variables. ##
## ----------------- ##

AR='ar'
AS='as'
CC='gcc'
CFLAGS='-g -O2'
COPTS='-g -O2'
CPP='gcc -E'
CPPFLAGS=''
CXX='g++'
CXXCPP='g++ -E'
CXXFLAGS='-g -O2'
DEBUG_LIBS=''
DEFS=''
DLLTOOL='dlltool'
ECHO='echo'
ECHO_C=''
ECHO_N='-n'
ECHO_T=''
EGREP='grep -E'
EXEEXT=''
EXEFILES=''
EXPORT_SYMBOLS='yes'
F77='f77'
FFLAGS='-g -O2'
INSTALL_DATA=''
INSTALL_PROGRAM=''
INSTALL_SCRIPT=''
JNI_INC=''
JPATH_FINAL=''
JPATH_START=''
JVM=''
JVMFLAGS=''
LDFLAGS=''
LIBOBJS=''
LIBS=''
LIBSO_PREFIX='lib'
LIBTOOL='$(SHELL) $(top_builddir)/libtool'
LIBTOOL_DEPS='./ltmain.sh'
LN_S='ln -s'
LTLIBOBJS=''
MAKE='make --no-print-directory'
OBJDUMP='objdump'
OBJEXT='o'
PACKAGE_BUGREPORT=''
PACKAGE_NAME=''
PACKAGE_STRING=''
PACKAGE_TARNAME=''
PACKAGE_VERSION=''
PATH_SEPARATOR=':'
RANLIB='ranlib'
RANLIB_AFTER_INSTALL=''
RM=''
SED='/usr/bin/sed'
SHELL='/bin/bash'
STRIP='strip'
TRACE_NAME=''
VPATH='VPATH=.:$(srcdir)'
VPATH_EXTRA=':$(TRACE_SRCDIR)'
ac_ct_AR='ar'
ac_ct_AS=''
ac_ct_CC='gcc'
ac_ct_CXX='g++'
ac_ct_DLLTOOL=''
ac_ct_F77='f77'
ac_ct_OBJDUMP=''
ac_ct_RANLIB='ranlib'
ac_ct_STRIP='strip'
binbuild_dir=''
bindir='${exec_prefix}/bin'
build='x86_64-unknown-linux-gnu'
build_alias=''
build_cpu='x86_64'
build_os='linux-gnu'
build_vendor='unknown'
datadir='${prefix}/share'
exec_prefix='NONE'
gui_libbuild_dir=''
host='x86_64-unknown-linux-gnu'
host_alias=''
host_cpu='x86_64'
host_os='linux-gnu'
host_vendor='unknown'
includedir='${prefix}/include'
infodir='${prefix}/info'
libbuild_dir=''
libdir='${exec_prefix}/lib'
libexecdir='${exec_prefix}/libexec'
localstatedir='${prefix}/var'
mandir='${prefix}/man'
oldincludedir='/usr/include'
prefix='/usr/local'
program_transform_name='s,x,x,'
sbinbuild_dir=''
sbindir='${exec_prefix}/sbin'
sharebuild_dir=''
sharedstatedir='${prefix}/com'
sysconfdir='${prefix}/etc'
target='x86_64-unknown-linux-gnu'
target_alias=''
target_cpu='x86_64'
target_os='linux-gnu'
target_vendor='unknown'
top_srcdir_abs='/home/yuliayureva/Desktop/OPP/lab1/slog2sdk-1.2.6/trace_sample'

## ----------- ##
## confdefs.h. ##
## ----------- ##

#define HAVE_DLFCN_H 1
#define HAVE_INTTYPES_H 1
#define HAVE_MEMORY_H 1
#define HAVE_STDINT_H 1
#define HAVE_STDIO_H 1
#define HAVE_STDLIB_H 1
#define HAVE_STDLIB_H 1
#define HAVE_STRINGS_H 1
#define HAVE_STRING_H 1
#define HAVE_STRING_H 1
#define HAVE_STRSTR 1
#define HAVE_SYS_STAT_H 1
#define HAVE_SYS_TYPES_H 1
#define HAVE_UNISTD_H 1
#define PACKAGE_BUGREPORT ""
#define PACKAGE_NAME ""
#define PACKAGE_STRING ""
#define PACKAGE_TARNAME ""
#define PACKAGE_VERSION ""
#define SIZEOF_INT 4
#define SIZEOF_LONG 8
#define SIZEOF_LONG_LONG 8
#define SIZEOF_VOID_P 8
#define SIZEOF___INT64 0
#define STDC_HEADERS 1
#endif
#ifdef __cplusplus
extern "C" void std::exit (int) throw (); using std::exit;

configure: exit 0
