This file contains any messages produced by compilers while
running configure, to aid debugging if configure makes a mistake.

It was created by configure, which was
generated by GNU Autoconf 2.59.  Invocation command line was

  $ ./configure 

## --------- ##
## Platform. ##
## --------- ##

hostname = NSUOS
uname -m = x86_64
uname -r = 6.5.0-21-generic
uname -s = Linux
uname -v = #21~22.04.1-Ubuntu SMP PREEMPT_DYNAMIC Fri Feb  9 13:32:52 UTC 2

/usr/bin/uname -p = x86_64
/bin/uname -X     = unknown

/bin/arch              = x86_64
/usr/bin/arch -k       = unknown
/usr/convex/getsysinfo = unknown
hostinfo               = unknown
/bin/machine           = unknown
/usr/bin/oslevel       = unknown
/bin/universe          = unknown

PATH: /usr/local/sbin
PATH: /usr/local/bin
PATH: /usr/sbin
PATH: /usr/bin
PATH: /sbin
PATH: /bin
PATH: /usr/games
PATH: /usr/local/games
PATH: /snap/bin
PATH: /snap/bin


## ----------- ##
## Core tests. ##
## ----------- ##

configure:1338: checking for current directory name
configure:1382: result: /home/yuliayureva/Desktop/OPP/lab1/slog2sdk-1.2.6
configure:1478: checking gnumake
configure:1493: result: yes using --no-print-directory
configure:1507: checking BSD 4.4 make
configure:1527: result: no - whew
configure:1533: checking OSF V3 make
configure:1552: result: no
configure:1559: checking for virtual path format
configure:1574: result: VPATH
configure:1622: checking for a BSD-compatible install
configure:1677: result: /usr/bin/install -c
configure:1697: checking whether install works
configure:1705: result: yes
configure:1748: checking if CLASSPATH is set
configure:1773: result: no, good to go
configure:1953: checking build system type
configure:1971: result: x86_64-unknown-linux-gnu
configure:1979: checking host system type
configure:1993: result: x86_64-unknown-linux-gnu
configure:2003: checking for java in user's PATH
configure:2013: result: found /usr/bin/java
configure:2016: checking if /usr/bin/java works
configure:2035: /usr/bin/java  simple 1>&5
configure:2038: $? = 0
configure:2046: result: yes
configure:2048: checking if /usr/bin/java runs simple jar file
configure:2065: /usr/bin/java  -jar simple.jar 1>&5
configure:2068: $? = 0
configure:2078: result: yes
configure:2080: checking if /usr/bin/java runs simple Swing class
configure:2098: /usr/bin/java  simple_swing 1>&5
configure:2101: $? = 0
configure:2111: result: yes
configure:2113: checking if /usr/bin/java runs simple Swing jar file
configure:2130: /usr/bin/java  -jar simple_swing.jar 1>&5
configure:2133: $? = 0
configure:2148: result: yes
configure:2472: checking for Java version
configure:2489: result: openjdk full version "1.8.0_392-8u392-ga-1~22.04-b08", i.e. Java 2 SDK
configure:2517: checking for cygpath
configure:2536: result: no
configure:2668: checking for leftover Makefiles in subpackages 
configure:2683: result: none 
configure:2851: creating ./config.status

## ---------------------- ##
## Running config.status. ##
## ---------------------- ##

This file was extended by config.status, which was
generated by GNU Autoconf 2.59.  Invocation command line was

  CONFIG_FILES    = 
  CONFIG_HEADERS  = 
  CONFIG_LINKS    = 
  CONFIG_COMMANDS = 
  $ ./config.status 

on NSUOS

config.status:698: creating Makefile
config.status:698: creating sbin/install-package
config.status:698: creating bin/slog2print
config.status:698: creating bin/slog2navigator
config.status:698: creating bin/slog2filter
config.status:698: creating bin/slog2updater
config.status:698: creating bin/logconvertor
config.status:698: creating bin/jumpshot
config.status:698: creating bin/clogprint
config.status:698: creating bin/clogTOslog2
config.status:698: creating bin/clog2print
config.status:698: creating bin/clog2TOslog2
configure:3707: configuring in src
configure:3824: running /bin/bash './configure' --prefix=/usr/local  --cache-file=/dev/null --srcdir=.
configure:3707: configuring in trace_sample
configure:3824: running /bin/bash './configure' --prefix=/usr/local  --cache-file=/dev/null --srcdir=.
configure:3707: configuring in trace_rlog
configure:3824: running /bin/bash './configure' --prefix=/usr/local  --cache-file=/dev/null --srcdir=.
configure:3882: result: SLOG2SDK-1.2.6:  "src" have been configured

## ---------------- ##
## Cache variables. ##
## ---------------- ##

ac_cv_build=x86_64-unknown-linux-gnu
ac_cv_build_alias=x86_64-unknown-linux-gnu
ac_cv_env_build_alias_set=
ac_cv_env_build_alias_value=
ac_cv_env_host_alias_set=
ac_cv_env_host_alias_value=
ac_cv_env_target_alias_set=
ac_cv_env_target_alias_value=
ac_cv_host=x86_64-unknown-linux-gnu
ac_cv_host_alias=x86_64-unknown-linux-gnu
ac_cv_path_install='/usr/bin/install -c'

## ----------------- ##
## Output variables. ##
## ----------------- ##

DEFS='-DPACKAGE_NAME=\"\" -DPACKAGE_TARNAME=\"\" -DPACKAGE_VERSION=\"\" -DPACKAGE_STRING=\"\" -DPACKAGE_BUGREPORT=\"\" '
ECHO_C=''
ECHO_N='-n'
ECHO_T=''
EXEFILES='slog2print slog2navigator slog2filter slog2updater logconvertor jumpshot clogprint clogTOslog2 clog2print clog2TOslog2 '
INSTALL_DATA='${INSTALL} -m 644'
INSTALL_PROGRAM='${INSTALL}'
INSTALL_SCRIPT='${INSTALL}'
JPATH_FINAL=''
JPATH_START=''
JVM='/usr/bin/java'
JVMFLAGS=''
LIBOBJS=''
LIBS=''
LTLIBOBJS=''
MAKE='make --no-print-directory'
PACKAGE_BUGREPORT=''
PACKAGE_NAME=''
PACKAGE_STRING=''
PACKAGE_TARNAME=''
PACKAGE_VERSION=''
PATH_SEPARATOR=':'
RM='rm -f'
SHELL='/bin/bash'
TRACE_LIBDIR=''
VPATH='VPATH=.:$(srcdir)'
binbuild_dir='/home/yuliayureva/Desktop/OPP/lab1/slog2sdk-1.2.6/bin'
bindir='${exec_prefix}/bin'
build='x86_64-unknown-linux-gnu'
build_alias=''
build_cpu='x86_64'
build_os='linux-gnu'
build_vendor='unknown'
datadir='${prefix}/share'
docbuild_dir='/home/yuliayureva/Desktop/OPP/lab1/slog2sdk-1.2.6/doc'
docdir='${prefix}/doc'
etcbuild_dir='/home/yuliayureva/Desktop/OPP/lab1/slog2sdk-1.2.6/etc'
exec_prefix='${prefix}'
host='x86_64-unknown-linux-gnu'
host_alias=''
host_cpu='x86_64'
host_os='linux-gnu'
host_vendor='unknown'
includedir='${prefix}/include'
infodir='${prefix}/info'
libbuild_dir='/home/yuliayureva/Desktop/OPP/lab1/slog2sdk-1.2.6/lib'
libdir='${exec_prefix}/lib'
libexecdir='${exec_prefix}/libexec'
localstatedir='${prefix}/var'
mandir='${prefix}/man'
oldincludedir='/usr/include'
prefix='/usr/local'
program_transform_name='s,x,x,'
sbinbuild_dir='/home/yuliayureva/Desktop/OPP/lab1/slog2sdk-1.2.6/sbin'
sbindir='${exec_prefix}/sbin'
sharebuild_dir='/home/yuliayureva/Desktop/OPP/lab1/slog2sdk-1.2.6/share'
sharedstatedir='${prefix}/com'
subdirs=' src trace_sample trace_rlog'
sysconfdir='${prefix}/etc'
target_alias=''
top_srcdir_abs='/home/yuliayureva/Desktop/OPP/lab1/slog2sdk-1.2.6'

## ----------- ##
## confdefs.h. ##
## ----------- ##

#define PACKAGE_BUGREPORT ""
#define PACKAGE_NAME ""
#define PACKAGE_STRING ""
#define PACKAGE_TARNAME ""
#define PACKAGE_VERSION ""

configure: exit 0
